Application bundle generation failed. [5.594 seconds] - 2026-02-05T04:37:27.868Z

[1m[33m[33m▲ [43;33m[[43;30mWARNING[43;33m][0m [1mNG8113: DataTableComponent is not used within the template of InventoryComponent[0m [1m[35m[plugin angular-compiler][0m

    src/app/features/inventory/inventory.component.ts:17:8:
[37m      17 │         [32mDataTableComponent[37m,
         ╵         [32m~~~~~~~~~~~~~~~~~~[0m


[33m▲ [43;33m[[43;30mWARNING[43;33m][0m [1mNG8113: DataTableComponent is not used within the template of OrdersComponent[0m [1m[35m[plugin angular-compiler][0m

    src/app/features/orders/orders.component.ts:18:8:
[37m      18 │         [32mDataTableComponent[37m,
         ╵         [32m~~~~~~~~~~~~~~~~~~[0m


[33m▲ [43;33m[[43;30mWARNING[43;33m][0m [1mNG8113: DataTableComponent is not used within the template of ProductsComponent[0m [1m[35m[plugin angular-compiler][0m

    src/app/features/products/products.component.ts:13:62:
[37m      13 │ ..., LucideAngularModule, [32mDataTableComponent[37m, MarketplaceBadgeComp...
         ╵                           [32m~~~~~~~~~~~~~~~~~~[0m

[39m[22m
[1m[31m[31mX [41;31m[[41;97mERROR[41;31m][0m [1mTS2339: Property 'productName' does not exist on type 'InventoryItem'.[0m [1m[35m[plugin angular-compiler][0m

    src/app/features/inventory/inventory.component.html:90:82:
[37m      90 │ ...ss="font-medium truncate max-w-[200px]">{{ item.[32mproductName[37m }}</p>
         ╵                                                    [32m~~~~~~~~~~~[0m

  Error occurs in the template of component InventoryComponent.

    src/app/features/inventory/inventory.component.ts:20:17:
[37m      20 │     templateUrl: [32m'./inventory.component.html'[37m,
         ╵                  [32m~~~~~~~~~~~~~~~~~~~~~~~~~~~~[0m


[31mX [41;31m[[41;97mERROR[41;31m][0m [1mTS2339: Property 'sku' does not exist on type 'InventoryItem'.[0m [1m[35m[plugin angular-compiler][0m

    src/app/features/inventory/inventory.component.html:91:77:
[37m      91 │ ...       <p class="text-xs text-muted-foreground">{{ item.[32msku[37m }}</p>
         ╵                                                            [32m~~~[0m

  Error occurs in the template of component InventoryComponent.

    src/app/features/inventory/inventory.component.ts:20:17:
[37m      20 │     templateUrl: [32m'./inventory.component.html'[37m,
         ╵                  [32m~~~~~~~~~~~~~~~~~~~~~~~~~~~~[0m


[31mX [41;31m[[41;97mERROR[41;31m][0m [1mTS2339: Property 'availableQuantity' does not exist on type 'InventoryItem'.[0m [1m[35m[plugin angular-compiler][0m

    src/app/features/inventory/inventory.component.html:98:32:
[37m      98 │                         {{ item.[32mavailableQuantity[37m }}
         ╵                                 [32m~~~~~~~~~~~~~~~~~[0m

  Error occurs in the template of component InventoryComponent.

    src/app/features/inventory/inventory.component.ts:20:17:
[37m      20 │     templateUrl: [32m'./inventory.component.html'[37m,
         ╵                  [32m~~~~~~~~~~~~~~~~~~~~~~~~~~~~[0m


[31mX [41;31m[[41;97mERROR[41;31m][0m [1mTS2339: Property 'reservedQuantity' does not exist on type 'InventoryItem'.[0m [1m[35m[plugin angular-compiler][0m

    src/app/features/inventory/inventory.component.html:101:32:
[37m      101 │                         {{ item.[32mreservedQuantity[37m }}
          ╵                                 [32m~~~~~~~~~~~~~~~~[0m

  Error occurs in the template of component InventoryComponent.

    src/app/features/inventory/inventory.component.ts:20:17:
[37m      20 │     templateUrl: [32m'./inventory.component.html'[37m,
         ╵                  [32m~~~~~~~~~~~~~~~~~~~~~~~~~~~~[0m


[31mX [41;31m[[41;97mERROR[41;31m][0m [1mTS2339: Property 'status' does not exist on type 'InventoryItem'.[0m [1m[35m[plugin angular-compiler][0m

    src/app/features/inventory/inventory.component.html:107:57:
[37m      107 │ ...     <app-status-badge [status]="item.[32mstatus[37m"></app-status-badge>
          ╵                                          [32m~~~~~~[0m

  Error occurs in the template of component InventoryComponent.

    src/app/features/inventory/inventory.component.ts:20:17:
[37m      20 │     templateUrl: [32m'./inventory.component.html'[37m,
         ╵                  [32m~~~~~~~~~~~~~~~~~~~~~~~~~~~~[0m


[31mX [41;31m[[41;97mERROR[41;31m][0m [1mTS2339: Property 'availableQuantity' does not exist on type 'InventoryItem'.[0m [1m[35m[plugin angular-compiler][0m

    src/app/features/inventory/inventory.component.ts:33:94:
[37m      33 │ ...ventory().reduce((sum, item) => sum + item.[32mavailableQuantity[37m, 0));
         ╵                                               [32m~~~~~~~~~~~~~~~~~[0m


[31mX [41;31m[[41;97mERROR[41;31m][0m [1mTS2339: Property 'reservedQuantity' does not exist on type 'InventoryItem'.[0m [1m[35m[plugin angular-compiler][0m

    src/app/features/inventory/inventory.component.ts:34:93:
[37m      34 │ ...nventory().reduce((sum, item) => sum + item.[32mreservedQuantity[37m, 0));
         ╵                                                [32m~~~~~~~~~~~~~~~~[0m


[31mX [41;31m[[41;97mERROR[41;31m][0m [1mTS2339: Property 'status' does not exist on type 'InventoryItem'.[0m [1m[35m[plugin angular-compiler][0m

    src/app/features/inventory/inventory.component.ts:35:74:
[37m      35 │ ...filteredInventory().filter(i => i.[32mstatus[37m === 'Low Stock').length);
         ╵                                      [32m~~~~~~[0m


[31mX [41;31m[[41;97mERROR[41;31m][0m [1mTS2339: Property 'status' does not exist on type 'InventoryItem'.[0m [1m[35m[plugin angular-compiler][0m

    src/app/features/inventory/inventory.component.ts:36:76:
[37m      36 │ ...teredInventory().filter(i => i.[32mstatus[37m === 'Out of Stock').length);
         ╵                                   [32m~~~~~~[0m


[31mX [41;31m[[41;97mERROR[41;31m][0m [1mTS2339: Property 'productName' does not exist on type 'InventoryItem'.[0m [1m[35m[plugin angular-compiler][0m

    src/app/features/inventory/inventory.component.ts:42:21:
[37m      42 │                 item.[32mproductName[37m.toLowerCase().includes(query) ||
         ╵                      [32m~~~~~~~~~~~[0m


[31mX [41;31m[[41;97mERROR[41;31m][0m [1mTS2339: Property 'sku' does not exist on type 'InventoryItem'.[0m [1m[35m[plugin angular-compiler][0m

    src/app/features/inventory/inventory.component.ts:43:21:
[37m      43 │                 item.[32msku[37m.toLowerCase().includes(query);
         ╵                      [32m~~~[0m


[31mX [41;31m[[41;97mERROR[41;31m][0m [1mTS2339: Property 'status' does not exist on type 'InventoryItem'.[0m [1m[35m[plugin angular-compiler][0m

    src/app/features/inventory/inventory.component.ts:46:72:
[37m      46 │ ...usFilter() === 'all' || item.[32mstatus[37m.toLowerCase().replace(' ', ...
         ╵                                 [32m~~~~~~[0m


[31mX [41;31m[[41;97mERROR[41;31m][0m [1mTS2339: Property 'orderNumber' does not exist on type 'Order'.[0m [1m[35m[plugin angular-compiler][0m

    src/app/features/orders/orders.component.html:67:62:
[37m      67 │ ...              <p class="font-semibold">{{ order.[32morderNumber[37m }}</p>
         ╵                                                    [32m~~~~~~~~~~~[0m

  Error occurs in the template of component OrdersComponent.

    src/app/features/orders/orders.component.ts:23:17:
[37m      23 │     templateUrl: [32m'./orders.component.html'[37m,
         ╵                  [32m~~~~~~~~~~~~~~~~~~~~~~~~~[0m


[31mX [41;31m[[41;97mERROR[41;31m][0m [1mTS2551: Property 'marketplaceName' does not exist on type 'Order'. Did you mean 'marketplace'?[0m [1m[35m[plugin angular-compiler][0m

    src/app/features/orders/orders.component.html:73:68:
[37m      73 │ ...      <app-marketplace-badge [marketplace]="order.[32mmarketplaceName[37m"
         ╵                                                      [32m~~~~~~~~~~~~~~~[0m

  Error occurs in the template of component OrdersComponent.

    src/app/features/orders/orders.component.ts:23:17:
[37m      23 │     templateUrl: [32m'./orders.component.html'[37m,
         ╵                  [32m~~~~~~~~~~~~~~~~~~~~~~~~~[0m


[31mX [41;31m[[41;97mERROR[41;31m][0m [1mTS2551: Property 'customerName' does not exist on type 'Order'. Did you mean 'customer'?[0m [1m[35m[plugin angular-compiler][0m

    src/app/features/orders/orders.component.html:80:56:
[37m      80 │ ...               <p class="font-medium">{{ order.[32mcustomerName[37m }}</p>
         ╵                                                   [32m~~~~~~~~~~~~[0m

  Error occurs in the template of component OrdersComponent.

    src/app/features/orders/orders.component.ts:23:17:
[37m      23 │     templateUrl: [32m'./orders.component.html'[37m,
         ╵                  [32m~~~~~~~~~~~~~~~~~~~~~~~~~[0m


[31mX [41;31m[[41;97mERROR[41;31m][0m [1mTS2339: Property 'shippingAddress' does not exist on type 'Order'.[0m [1m[35m[plugin angular-compiler][0m

    src/app/features/orders/orders.component.html:81:97:
[37m      81 │ ...foreground truncate max-w-[150px]">{{ order.[32mshippingAddress[37m }}</p>
         ╵                                                [32m~~~~~~~~~~~~~~~[0m

  Error occurs in the template of component OrdersComponent.

    src/app/features/orders/orders.component.ts:23:17:
[37m      23 │     templateUrl: [32m'./orders.component.html'[37m,
         ╵                  [32m~~~~~~~~~~~~~~~~~~~~~~~~~[0m


[31mX [41;31m[[41;97mERROR[41;31m][0m [1mTS2339: Property 'totalAmount' does not exist on type 'Order'.[0m [1m[35m[plugin angular-compiler][0m

    src/app/features/orders/orders.component.html:87:34:
[37m      87 │                         ₹{{ orde[32mr.totalAmou[37mnt }}
         ╵                                 [32m~~~~~~~~~~~[0m

  Error occurs in the template of component OrdersComponent.

    src/app/features/orders/orders.component.ts:23:17:
[37m      23 │     templateUrl: [32m'./orders.component.html'[37m,
         ╵                  [32m~~~~~~~~~~~~~~~~~~~~~~~~~[0m


[31mX [41;31m[[41;97mERROR[41;31m][0m [1mTS2339: Property 'trackingNumber' does not exist on type 'Order'.[0m [1m[35m[plugin angular-compiler][0m

    src/app/features/orders/orders.component.html:90:42:
[37m      90 │ ...       <div *ngIf="order.[32mtrackingNumber[37m" class="text-xs font-mo...
         ╵                             [32m~~~~~~~~~~~~~~[0m

  Error occurs in the template of component OrdersComponent.

    src/app/features/orders/orders.component.ts:23:17:
[37m      23 │     templateUrl: [32m'./orders.component.html'[37m,
         ╵                  [32m~~~~~~~~~~~~~~~~~~~~~~~~~[0m


[31mX [41;31m[[41;97mERROR[41;31m][0m [1mTS2339: Property 'trackingNumber' does not exist on type 'Order'.[0m [1m[35m[plugin angular-compiler][0m

    src/app/features/orders/orders.component.html:91:37:
[37m      91 │                             {{ order.[32mtrackingNumber[37m }}
         ╵                                      [32m~~~~~~~~~~~~~~[0m

  Error occurs in the template of component OrdersComponent.

    src/app/features/orders/orders.component.ts:23:17:
[37m      23 │     templateUrl: [32m'./orders.component.html'[37m,
         ╵                  [32m~~~~~~~~~~~~~~~~~~~~~~~~~[0m


[31mX [41;31m[[41;97mERROR[41;31m][0m [1mTS2339: Property 'trackingNumber' does not exist on type 'Order'.[0m [1m[35m[plugin angular-compiler][0m

    src/app/features/orders/orders.component.html:93:44:
[37m      93 │ ...     <span *ngIf="!order.[32mtrackingNumber[37m" class="text-muted-fore...
         ╵                             [32m~~~~~~~~~~~~~~[0m

  Error occurs in the template of component OrdersComponent.

    src/app/features/orders/orders.component.ts:23:17:
[37m      23 │     templateUrl: [32m'./orders.component.html'[37m,
         ╵                  [32m~~~~~~~~~~~~~~~~~~~~~~~~~[0m


[31mX [41;31m[[41;97mERROR[41;31m][0m [1mTS2367: This comparison appears to be unintentional because the types 'OrderStatus' and '"Pending"' have no overlap.[0m [1m[35m[plugin angular-compiler][0m

    src/app/features/orders/orders.component.ts:39:73:
[37m      39 │ ...Pending', count: all.filter(o => [32mo.status === 'Pending'[37m).length },
         ╵                                     [32m~~~~~~~~~~~~~~~~~~~~~~[0m


[31mX [41;31m[[41;97mERROR[41;31m][0m [1mTS2367: This comparison appears to be unintentional because the types 'OrderStatus' and '"Processing"' have no overlap.[0m [1m[35m[plugin angular-compiler][0m

    src/app/features/orders/orders.component.ts:40:71:
[37m      40 │ ...t: all.filter(o => [32mo.status === 'Processing'[37m).length }, // Map ...
         ╵                       [32m~~~~~~~~~~~~~~~~~~~~~~~~~[0m


[31mX [41;31m[[41;97mERROR[41;31m][0m [1mTS2367: This comparison appears to be unintentional because the types 'OrderStatus' and '"Shipped"' have no overlap.[0m [1m[35m[plugin angular-compiler][0m

    src/app/features/orders/orders.component.ts:41:73:
[37m      41 │ ...Shipped', count: all.filter(o => [32mo.status === 'Shipped'[37m).length },
         ╵                                     [32m~~~~~~~~~~~~~~~~~~~~~~[0m


[31mX [41;31m[[41;97mERROR[41;31m][0m [1mTS2367: This comparison appears to be unintentional because the types 'OrderStatus' and '"Delivered"' have no overlap.[0m [1m[35m[plugin angular-compiler][0m

    src/app/features/orders/orders.component.ts:42:77:
[37m      42 │ ...vered', count: all.filter(o => [32mo.status === 'Delivered'[37m).length },
         ╵                                   [32m~~~~~~~~~~~~~~~~~~~~~~~~[0m


[31mX [41;31m[[41;97mERROR[41;31m][0m [1mTS2367: This comparison appears to be unintentional because the types 'OrderStatus' and '"Cancelled"' have no overlap.[0m [1m[35m[plugin angular-compiler][0m

    src/app/features/orders/orders.component.ts:43:77:
[37m      43 │ ...elled', count: all.filter(o => [32mo.status === 'Cancelled'[37m).length },
         ╵                                   [32m~~~~~~~~~~~~~~~~~~~~~~~~[0m


[31mX [41;31m[[41;97mERROR[41;31m][0m [1mTS2367: This comparison appears to be unintentional because the types 'OrderStatus' and '"Returned"' have no overlap.[0m [1m[35m[plugin angular-compiler][0m

    src/app/features/orders/orders.component.ts:44:75:
[37m      44 │ ...turned', count: all.filter(o => [32mo.status === 'Returned'[37m).length },
         ╵                                    [32m~~~~~~~~~~~~~~~~~~~~~~~[0m


[31mX [41;31m[[41;97mERROR[41;31m][0m [1mTS2339: Property 'orderNumber' does not exist on type 'Order'.[0m [1m[35m[plugin angular-compiler][0m

    src/app/features/orders/orders.component.ts:55:22:
[37m      55 │                 order.[32morderNumber[37m.toLowerCase().includes(query) ||
         ╵                       [32m~~~~~~~~~~~[0m


[31mX [41;31m[[41;97mERROR[41;31m][0m [1mTS2551: Property 'customerName' does not exist on type 'Order'. Did you mean 'customer'?[0m [1m[35m[plugin angular-compiler][0m

    src/app/features/orders/orders.component.ts:56:22:
[37m      56 │                 order.[32mcustomerName[37m.toLowerCase().includes(query) ||
         ╵                       [32m~~~~~~~~~~~~[0m

  'customer' is declared here.

    src/app/core/models/index.ts:89:4:
[37m      89 │     [32mcustomer[37m: {
         ╵     [32m~~~~~~~~[0m


[31mX [41;31m[[41;97mERROR[41;31m][0m [1mTS2339: Property 'trackingNumber' does not exist on type 'Order'.[0m [1m[35m[plugin angular-compiler][0m

    src/app/features/orders/orders.component.ts:57:23:
[37m      57 │                 (order.[32mtrackingNumber[37m && order.trackingNumber.toLo...
         ╵                        [32m~~~~~~~~~~~~~~[0m


[31mX [41;31m[[41;97mERROR[41;31m][0m [1mTS2339: Property 'trackingNumber' does not exist on type 'Order'.[0m [1m[35m[plugin angular-compiler][0m

    src/app/features/orders/orders.component.ts:57:47:
[37m      57 │ ....trackingNumber && order.[32mtrackingNumber[37m.toLowerCase().includes(...
         ╵                             [32m~~~~~~~~~~~~~~[0m


[31mX [41;31m[[41;97mERROR[41;31m][0m [1mTS2551: Property 'marketplaceName' does not exist on type 'Order'. Did you mean 'marketplace'?[0m [1m[35m[plugin angular-compiler][0m

    src/app/features/orders/orders.component.ts:59:83:
[37m      59 │ ...er() === 'all' || order.[32mmarketplaceName[37m.toLowerCase() === this....
         ╵                            [32m~~~~~~~~~~~~~~~[0m

  'marketplace' is declared here.

    src/app/core/models/index.ts:85:4:
[37m      85 │     [32mmarketplace[37m: Marketplace;
         ╵     [32m~~~~~~~~~~~[0m


[31mX [41;31m[[41;97mERROR[41;31m][0m [1mTS2339: Property 'stockLevel' does not exist on type 'Product'.[0m [1m[35m[plugin angular-compiler][0m

    src/app/features/products/products.component.html:83:51:
[37m      83 │ ...    <span [class]="product.[32mstockLevel[37m < 10 ? 'text-destructive'...
         ╵                               [32m~~~~~~~~~~[0m

  Error occurs in the template of component ProductsComponent.

    src/app/features/products/products.component.ts:14:17:
[37m      14 │     templateUrl: [32m'./products.component.html'[37m,
         ╵                  [32m~~~~~~~~~~~~~~~~~~~~~~~~~~~[0m


[31mX [41;31m[[41;97mERROR[41;31m][0m [1mTS2339: Property 'stockLevel' does not exist on type 'Product'.[0m [1m[35m[plugin angular-compiler][0m

    src/app/features/products/products.component.html:83:105:
[37m      83 │ ...t.stockLevel < 10 ? 'text-destructive' : ''">{{ product.[32mstockLevel[37m
         ╵                                                            [32m~~~~~~~~~~[0m

  Error occurs in the template of component ProductsComponent.

    src/app/features/products/products.component.ts:14:17:
[37m      14 │     templateUrl: [32m'./products.component.html'[37m,
         ╵                  [32m~~~~~~~~~~~~~~~~~~~~~~~~~~~[0m


[31mX [41;31m[[41;97mERROR[41;31m][0m [1mTS2551: Property 'marketplaceName' does not exist on type 'MarketplaceListing'. Did you mean 'marketplace'?[0m [1m[35m[plugin angular-compiler][0m

    src/app/features/products/products.component.html:89:53:
[37m      89 │ ...       [marketplace]="m.[32mmarketplaceName[37m" [status]="m.status"></...
         ╵                            [32m~~~~~~~~~~~~~~~[0m

  Error occurs in the template of component ProductsComponent.

    src/app/features/products/products.component.ts:14:17:
[37m      14 │     templateUrl: [32m'./products.component.html'[37m,
         ╵                  [32m~~~~~~~~~~~~~~~~~~~~~~~~~~~[0m


[31mX [41;31m[[41;97mERROR[41;31m][0m [1mTS2339: Property 'stockLevel' does not exist on type 'Product'.[0m [1m[35m[plugin angular-compiler][0m

    src/app/features/products/products.component.html:134:80:
[37m      134 │ ... py-1 rounded bg-secondary">{{ product.[32mstockLevel[37m }} stock</span>
          ╵                                           [32m~~~~~~~~~~[0m

  Error occurs in the template of component ProductsComponent.

    src/app/features/products/products.component.ts:14:17:
[37m      14 │     templateUrl: [32m'./products.component.html'[37m,
         ╵                  [32m~~~~~~~~~~~~~~~~~~~~~~~~~~~[0m


[31mX [41;31m[[41;97mERROR[41;31m][0m [1mTS2339: Property 'location' does not exist on type 'Warehouse'.[0m [1m[35m[plugin angular-compiler][0m

    src/app/layout/header/header.component.html:76:70:
[37m      76 │ ...pan class="text-xs text-muted-foreground">{{ wh.[32mlocation[37m }}</span>
         ╵                                                    [32m~~~~~~~~[0m

  Error occurs in the template of component HeaderComponent.

    src/app/layout/header/header.component.ts:12:17:
[37m      12 │     templateUrl: [32m'./header.component.html'[37m,
         ╵                  [32m~~~~~~~~~~~~~~~~~~~~~~~~~[0m

[39m[22m
